<?xml version="1.0" encoding="UTF-8"?>
<testsuite xmlns:xsi="http://www.w3.org/2001/XMLSchema-instance" xsi:noNamespaceSchemaLocation="https://maven.apache.org/surefire/maven-surefire-plugin/xsd/surefire-test-report-3.0.xsd" version="3.0" name="com.kluster.controller.AuthServiceTest" time="6.131" tests="8" errors="0" skipped="0" failures="0">
  <properties>
[...]
</properties>
  <testcase name="testAuthenticateAndRefreshFlow" classname="com.kluster.controller.AuthServiceTest" time="1.627">
    <system-out><![CDATA[&amp#27;[34mStarting Kluster...&amp#27;[0m
&amp#27;[34mLoading environment from path: /home/kactuz/Documents/Github/ShadowOps/.env&amp#27;[0m
&amp#27;[31mWARNING: CORS_ALLOWED_ORIGINS not set. Allowing any origin (development default). Set CORS_ALLOWED_ORIGINS to restrict origins.&amp#27;[0m
Skipping APIRunner.start() due to SKIP_API_RUNNER=true
]]></system-out>
  </testcase>
  <testcase name="testTamperedAccessTokenIsInvalid" classname="com.kluster.controller.AuthServiceTest" time="0.643">
    <system-out><![CDATA[&amp#27;[34mStarting Kluster...&amp#27;[0m
&amp#27;[34mLoading environment from path: /home/kactuz/Documents/Github/ShadowOps/.env&amp#27;[0m
&amp#27;[31mWARNING: CORS_ALLOWED_ORIGINS not set. Allowing any origin (development default). Set CORS_ALLOWED_ORIGINS to restrict origins.&amp#27;[0m
Skipping APIRunner.start() due to SKIP_API_RUNNER=true
]]></system-out>
  </testcase>
  <testcase name="testDifferentSecretTokenIsInvalid" classname="com.kluster.controller.AuthServiceTest" time="0.217">
    <system-out><![CDATA[&amp#27;[34mStarting Kluster...&amp#27;[0m
&amp#27;[34mLoading environment from path: /home/kactuz/Documents/Github/ShadowOps/.env&amp#27;[0m
&amp#27;[31mWARNING: CORS_ALLOWED_ORIGINS not set. Allowing any origin (development default). Set CORS_ALLOWED_ORIGINS to restrict origins.&amp#27;[0m
Skipping APIRunner.start() due to SKIP_API_RUNNER=true
]]></system-out>
  </testcase>
  <testcase name="testExpiredAccessTokenIsInvalid" classname="com.kluster.controller.AuthServiceTest" time="0.217">
    <system-out><![CDATA[&amp#27;[34mStarting Kluster...&amp#27;[0m
&amp#27;[34mLoading environment from path: /home/kactuz/Documents/Github/ShadowOps/.env&amp#27;[0m
&amp#27;[31mWARNING: CORS_ALLOWED_ORIGINS not set. Allowing any origin (development default). Set CORS_ALLOWED_ORIGINS to restrict origins.&amp#27;[0m
Skipping APIRunner.start() due to SKIP_API_RUNNER=true
]]></system-out>
  </testcase>
  <testcase name="testTamperedRefreshTokenIsRejected" classname="com.kluster.controller.AuthServiceTest" time="0.85">
    <system-out><![CDATA[&amp#27;[34mStarting Kluster...&amp#27;[0m
&amp#27;[34mLoading environment from path: /home/kactuz/Documents/Github/ShadowOps/.env&amp#27;[0m
&amp#27;[31mWARNING: CORS_ALLOWED_ORIGINS not set. Allowing any origin (development default). Set CORS_ALLOWED_ORIGINS to restrict origins.&amp#27;[0m
Skipping APIRunner.start() due to SKIP_API_RUNNER=true
]]></system-out>
  </testcase>
  <testcase name="testAuthenticateInvalidPassword" classname="com.kluster.controller.AuthServiceTest" time="0.428">
    <system-out><![CDATA[&amp#27;[34mStarting Kluster...&amp#27;[0m
&amp#27;[34mLoading environment from path: /home/kactuz/Documents/Github/ShadowOps/.env&amp#27;[0m
&amp#27;[31mWARNING: CORS_ALLOWED_ORIGINS not set. Allowing any origin (development default). Set CORS_ALLOWED_ORIGINS to restrict origins.&amp#27;[0m
Skipping APIRunner.start() due to SKIP_API_RUNNER=true
]]></system-out>
  </testcase>
  <testcase name="testInvalidAccessTokenRequiresReauth" classname="com.kluster.controller.AuthServiceTest" time="0.853">
    <system-out><![CDATA[&amp#27;[34mStarting Kluster...&amp#27;[0m
&amp#27;[34mLoading environment from path: /home/kactuz/Documents/Github/ShadowOps/.env&amp#27;[0m
&amp#27;[31mWARNING: CORS_ALLOWED_ORIGINS not set. Allowing any origin (development default). Set CORS_ALLOWED_ORIGINS to restrict origins.&amp#27;[0m
Skipping APIRunner.start() due to SKIP_API_RUNNER=true
]]></system-out>
  </testcase>
  <testcase name="testRoleAuthorizationAllowedAndDenied" classname="com.kluster.controller.AuthServiceTest" time="1.275">
    <system-out><![CDATA[&amp#27;[34mStarting Kluster...&amp#27;[0m
&amp#27;[34mLoading environment from path: /home/kactuz/Documents/Github/ShadowOps/.env&amp#27;[0m
&amp#27;[31mWARNING: CORS_ALLOWED_ORIGINS not set. Allowing any origin (development default). Set CORS_ALLOWED_ORIGINS to restrict origins.&amp#27;[0m
Skipping APIRunner.start() due to SKIP_API_RUNNER=true
]]></system-out>
    <system-err><![CDATA[[Thread-1] INFO io.javalin.Javalin - It looks like you created a Javalin instance, but you never started it.
[Thread-1] INFO io.javalin.Javalin - Try: Javalin app = Javalin.create().start();
[Thread-1] INFO io.javalin.Javalin - For more help, visit https://javalin.io/documentation#server-setup
]]></system-err>
  </testcase>
</testsuite>